[debug] [2023-08-09T17:09:27.802Z] ----------------------------------------------------------------------
[debug] [2023-08-09T17:09:27.805Z] Command:       C:\Program Files\nodejs\node.exe C:\Users\leojo\AppData\Roaming\npm\node_modules\firebase-tools\lib\bin\firebase.js init
[debug] [2023-08-09T17:09:27.805Z] CLI Version:   12.4.7
[debug] [2023-08-09T17:09:27.805Z] Platform:      win32
[debug] [2023-08-09T17:09:27.806Z] Node Version:  v20.3.0
[debug] [2023-08-09T17:09:27.806Z] Time:          Wed Aug 09 2023 23:09:27 GMT+0600 (Bangladesh Standard Time)
[debug] [2023-08-09T17:09:27.806Z] ----------------------------------------------------------------------
[debug] 
[debug] [2023-08-09T17:09:27.881Z] > command requires scopes: ["email","openid","https://www.googleapis.com/auth/cloudplatformprojects.readonly","https://www.googleapis.com/auth/firebase","https://www.googleapis.com/auth/cloud-platform"]
[debug] [2023-08-09T17:09:27.882Z] > authorizing via signed-in user (leojoy62@gmail.com)
[info] 
     ######## #### ########  ######## ########     ###     ######  ########
     ##        ##  ##     ## ##       ##     ##  ##   ##  ##       ##
     ######    ##  ########  ######   ########  #########  ######  ######
     ##        ##  ##    ##  ##       ##     ## ##     ##       ## ##
     ##       #### ##     ## ######## ########  ##     ##  ######  ########

You're about to initialize a Firebase project in this directory:

  E:\React\GeniusCar\client-car-doctor

Before we get started, keep in mind:

  * You are initializing within an existing Firebase project directory

[debug] [2023-08-09T17:10:01.090Z] ----------------------------------------------------------------------
[debug] [2023-08-09T17:10:01.093Z] Command:       C:\Program Files\nodejs\node.exe C:\Users\leojo\AppData\Roaming\npm\node_modules\firebase-tools\lib\bin\firebase.js deploy
[debug] [2023-08-09T17:10:01.093Z] CLI Version:   12.4.7
[debug] [2023-08-09T17:10:01.093Z] Platform:      win32
[debug] [2023-08-09T17:10:01.093Z] Node Version:  v20.3.0
[debug] [2023-08-09T17:10:01.094Z] Time:          Wed Aug 09 2023 23:10:01 GMT+0600 (Bangladesh Standard Time)
[debug] [2023-08-09T17:10:01.094Z] ----------------------------------------------------------------------
[debug] 
[debug] [2023-08-09T17:10:01.169Z] > command requires scopes: ["email","openid","https://www.googleapis.com/auth/cloudplatformprojects.readonly","https://www.googleapis.com/auth/firebase","https://www.googleapis.com/auth/cloud-platform"]
[debug] [2023-08-09T17:10:01.169Z] > authorizing via signed-in user (leojoy62@gmail.com)
[debug] [2023-08-09T17:10:01.169Z] [iam] checking project genius-car-96391 for permissions ["firebase.projects.get","firebasehosting.sites.update"]
[debug] [2023-08-09T17:10:01.171Z] >>> [apiv2][query] POST https://cloudresourcemanager.googleapis.com/v1/projects/genius-car-96391:testIamPermissions [none]
[debug] [2023-08-09T17:10:01.172Z] >>> [apiv2][(partial)header] POST https://cloudresourcemanager.googleapis.com/v1/projects/genius-car-96391:testIamPermissions x-goog-quota-user=projects/genius-car-96391
[debug] [2023-08-09T17:10:01.172Z] >>> [apiv2][body] POST https://cloudresourcemanager.googleapis.com/v1/projects/genius-car-96391:testIamPermissions {"permissions":["firebase.projects.get","firebasehosting.sites.update"]}
[debug] [2023-08-09T17:10:03.140Z] <<< [apiv2][status] POST https://cloudresourcemanager.googleapis.com/v1/projects/genius-car-96391:testIamPermissions 200
[debug] [2023-08-09T17:10:03.141Z] <<< [apiv2][body] POST https://cloudresourcemanager.googleapis.com/v1/projects/genius-car-96391:testIamPermissions {"permissions":["firebase.projects.get","firebasehosting.sites.update"]}
[debug] [2023-08-09T17:10:03.142Z] >>> [apiv2][query] GET https://firebase.googleapis.com/v1beta1/projects/genius-car-96391 [none]
[debug] [2023-08-09T17:10:03.819Z] <<< [apiv2][status] GET https://firebase.googleapis.com/v1beta1/projects/genius-car-96391 200
[debug] [2023-08-09T17:10:03.820Z] <<< [apiv2][body] GET https://firebase.googleapis.com/v1beta1/projects/genius-car-96391 {"projectId":"genius-car-96391","projectNumber":"724262106817","displayName":"genius-car","name":"projects/genius-car-96391","resources":{"hostingSite":"genius-car-96391"},"state":"ACTIVE","etag":"1_99e452f6-b392-4a08-b315-9a35429f6a61"}
[info] 
[info] === Deploying to 'genius-car-96391'...
[info] 
[info] i  deploying hosting 
[debug] [2023-08-09T17:10:03.844Z] >>> [apiv2][query] POST https://firebasehosting.googleapis.com/v1beta1/projects/-/sites/genius-car-96391/versions [none]
[debug] [2023-08-09T17:10:03.845Z] >>> [apiv2][body] POST https://firebasehosting.googleapis.com/v1beta1/projects/-/sites/genius-car-96391/versions {"status":"CREATED","labels":{"deployment-tool":"cli-firebase"}}
[debug] [2023-08-09T17:10:05.452Z] <<< [apiv2][status] POST https://firebasehosting.googleapis.com/v1beta1/projects/-/sites/genius-car-96391/versions 200
[debug] [2023-08-09T17:10:05.453Z] <<< [apiv2][body] POST https://firebasehosting.googleapis.com/v1beta1/projects/-/sites/genius-car-96391/versions {"name":"projects/724262106817/sites/genius-car-96391/versions/d184af03ea4594ca","status":"CREATED","config":{},"labels":{"deployment-tool":"cli-firebase"}}
[info] i  hosting[genius-car-96391]: beginning deploy... 
[info] i  hosting[genius-car-96391]: found 30 files in build 
[debug] [2023-08-09T17:10:05.494Z] [hosting] uploading with 200 concurrency
[debug] [2023-08-09T17:10:06.102Z] [hosting] hash cache [YnVpbGQ] stored for 30 files
[debug] [2023-08-09T17:10:06.103Z] [hosting][hash queue][FINAL] {"max":593,"min":9,"avg":90.93333333333334,"active":0,"complete":30,"success":30,"errored":0,"retried":0,"total":30,"elapsed":605}
[debug] [2023-08-09T17:10:06.103Z] >>> [apiv2][query] POST https://firebasehosting.googleapis.com/v1beta1/projects/724262106817/sites/genius-car-96391/versions/d184af03ea4594ca:populateFiles [none]
[debug] [2023-08-09T17:10:06.103Z] >>> [apiv2][body] POST https://firebasehosting.googleapis.com/v1beta1/projects/724262106817/sites/genius-car-96391/versions/d184af03ea4594ca:populateFiles {"files":{"/favicon.svg":"0ff781e5bba25d71075e93e5097a5542dcc12859ccd9afb04c7654dd6757b9f4","/logo192.png":"3ee59515172ee198f3be375979df15ac5345183e656720a381b8872b2a39dc8b","/logo512.png":"ee7e2f3fdb8209c4b6fd7bef6ba50d1b9dba30a25bb5c3126df057e1cb6f5331","/manifest.json":"aff3449bdc238776f5d6d967f19ec491b36aed5fb7f23ccff6500736fd58494a","/robots.txt":"bfe106a3fb878dc83461c86818bf74fc1bdc7f28538ba613cd3e775516ce8b49","/asset-manifest.json":"6bd6dca23347b9b50c09e620b325b0329186cd9bda25f63b0c5de18ea312e981","/index.html":"c0b05e61283872ac8c1d05ea1875201d8c3dd766dde68ef84fc3c6a7fdf86890","/static/js/787.7ff17283.chunk.js":"8ee0775487a9e74ab8b85b7662cc675325a035621c72806bceadad8f50be521e","/static/js/787.7ff17283.chunk.js.map":"eec2a733e67d6b04c827242f6e7e2b8e739eb269b88227b5a1a18e2dae5e2a78","/static/js/main.ded5011d.js.LICENSE.txt":"7d52ed36cc2641b008b9353e3457dbadb9a3ecabc904be0e532f49743ece74c5","/static/css/main.dce83738.css.map":"53e6b91ef6bca595986b48b54b821bcd2acc89cd28b4fa469b7d2724e661df57","/static/css/main.dce83738.css":"9e46090298000e17eb9de66da80c2072b8cc519b70e54534b9905d4c15ae795e","/static/media/check.a28b894c8aed9f5cd6f5913989b8ff20.svg":"a8c460bbbff39bb3d53e862a9aabb3b472523494c97ffb517fd07e1aeaf37e24","/static/media/deliveryt.57b27f1fbcfdf80ad44b931432d3e98e.svg":"71b65852daa33680ec25b807fbc49d70983a63ff88023360f193a451c699aa96","/static/media/group.50c45108e382ed2dfcd2633a42ef5405.svg":"cb7f10432feb66a4be788304716267dfea1a995f90bcadff6e6f77fc0eb55ba0","/static/media/person.fd0ac101c467ab5115a762f2eec2f21c.svg":"384b5d06d344b41c52bd6b888a3f3de91c115d61842a4ac5a326155454afa446","/static/media/logo.a2470400f180bfac8d97880fc478101e.svg":"0ff781e5bba25d71075e93e5097a5542dcc12859ccd9afb04c7654dd6757b9f4","/static/media/Wrench.e3ecb771814ae5318ca413a44fb90606.svg":"703c46b6171309b763edc344bcebb1ab369fb8f51359f95b01a067f3e1b0819b","/static/media/login.2b00a57b9fea2b1d57315ac4bdd1c48b.svg":"2d342b197e85f4d9251da3e8850150f4a6ccf3d9b0ea245e38011028a497dd2c","/static/js/main.ded5011d.js":"8b72436160435148e32edbfa1779d1aa066ebce591531cb7a814d4d3a7141406","/static/media/checkout.da55341e8375e06fe96c.png":"576878453224c961e2ca8134430ec802ce7d4e8185606402c7ad3738938f3cab","/static/media/3.c91e1e0921121617da2a.jpg":"7e1c8faf6bba42b855594fb973e62d36ff9a0b356c40c866e6db447cfafa0cbb","/static/media/parts.5d7c45c1faece42734fc.jpg":"3178b25f1ab4c5f49150630cda51590b932525d6994cd67205bb53eafaf9d686","/static/media/4.2f62022d0a5004b2288f.jpg":"b8265f48f6459ad8f3e72f708d6018d15b6f06d99812a47b95126f08378b938b","/static/media/5.5369d3ba48241a246f54.jpg":"4e724d658d22acef905d81741ad11af943d802de4b886768b2425ea98aa78cf7","/static/media/1.4e475131b84d3136b09f.jpg":"da85d9cfa30538f966c31890b54c722e1f0887eeef3d4f7edad47ee70ff92f34","/static/media/2.633a6ac636906e1d0fad.jpg":"ef023e953537750a0677dd7d4842cc5f092507bfb64f4f73ee50f73ac6a3e968","/static/media/6.b18dd0e62cb4e0fdbe7d.jpg":"b67c22ce3b0efebe9c0ce64b817422e96e42f56da601a83d1b869b90e1f92192","/static/media/person.946b62323b8beee0fab8.jpg":"f9e42cecffc7f3db21a5edca9418836dce1098308418d7cd8abcc18720fec44f","/static/js/main.ded5011d.js.map":"3b2f1ae752ea77f7aaba29ec9d11654b3f98ad3a323164b8b58a76facc816e2d"}}
[debug] [2023-08-09T17:10:06.840Z] <<< [apiv2][status] POST https://firebasehosting.googleapis.com/v1beta1/projects/724262106817/sites/genius-car-96391/versions/d184af03ea4594ca:populateFiles 200
[debug] [2023-08-09T17:10:06.840Z] <<< [apiv2][body] POST https://firebasehosting.googleapis.com/v1beta1/projects/724262106817/sites/genius-car-96391/versions/d184af03ea4594ca:populateFiles {"uploadRequiredHashes":["3b2f1ae752ea77f7aaba29ec9d11654b3f98ad3a323164b8b58a76facc816e2d","53e6b91ef6bca595986b48b54b821bcd2acc89cd28b4fa469b7d2724e661df57","6bd6dca23347b9b50c09e620b325b0329186cd9bda25f63b0c5de18ea312e981","8b72436160435148e32edbfa1779d1aa066ebce591531cb7a814d4d3a7141406","c0b05e61283872ac8c1d05ea1875201d8c3dd766dde68ef84fc3c6a7fdf86890","9e46090298000e17eb9de66da80c2072b8cc519b70e54534b9905d4c15ae795e"],"uploadUrl":"https://upload-firebasehosting.googleapis.com/upload/sites/genius-car-96391/versions/d184af03ea4594ca/files"}
[debug] [2023-08-09T17:10:06.843Z] >>> [apiv2][query] POST https://upload-firebasehosting.googleapis.com/upload/sites/genius-car-96391/versions/d184af03ea4594ca/files/3b2f1ae752ea77f7aaba29ec9d11654b3f98ad3a323164b8b58a76facc816e2d [none]
[debug] [2023-08-09T17:10:06.843Z] >>> [apiv2][body] POST https://upload-firebasehosting.googleapis.com/upload/sites/genius-car-96391/versions/d184af03ea4594ca/files/3b2f1ae752ea77f7aaba29ec9d11654b3f98ad3a323164b8b58a76facc816e2d [stream]
[debug] [2023-08-09T17:10:06.845Z] >>> [apiv2][query] POST https://upload-firebasehosting.googleapis.com/upload/sites/genius-car-96391/versions/d184af03ea4594ca/files/53e6b91ef6bca595986b48b54b821bcd2acc89cd28b4fa469b7d2724e661df57 [none]
[debug] [2023-08-09T17:10:06.846Z] >>> [apiv2][body] POST https://upload-firebasehosting.googleapis.com/upload/sites/genius-car-96391/versions/d184af03ea4594ca/files/53e6b91ef6bca595986b48b54b821bcd2acc89cd28b4fa469b7d2724e661df57 [stream]
[debug] [2023-08-09T17:10:06.849Z] >>> [apiv2][query] POST https://upload-firebasehosting.googleapis.com/upload/sites/genius-car-96391/versions/d184af03ea4594ca/files/6bd6dca23347b9b50c09e620b325b0329186cd9bda25f63b0c5de18ea312e981 [none]
[debug] [2023-08-09T17:10:06.849Z] >>> [apiv2][body] POST https://upload-firebasehosting.googleapis.com/upload/sites/genius-car-96391/versions/d184af03ea4594ca/files/6bd6dca23347b9b50c09e620b325b0329186cd9bda25f63b0c5de18ea312e981 [stream]
[debug] [2023-08-09T17:10:06.852Z] >>> [apiv2][query] POST https://upload-firebasehosting.googleapis.com/upload/sites/genius-car-96391/versions/d184af03ea4594ca/files/8b72436160435148e32edbfa1779d1aa066ebce591531cb7a814d4d3a7141406 [none]
[debug] [2023-08-09T17:10:06.852Z] >>> [apiv2][body] POST https://upload-firebasehosting.googleapis.com/upload/sites/genius-car-96391/versions/d184af03ea4594ca/files/8b72436160435148e32edbfa1779d1aa066ebce591531cb7a814d4d3a7141406 [stream]
[debug] [2023-08-09T17:10:06.854Z] >>> [apiv2][query] POST https://upload-firebasehosting.googleapis.com/upload/sites/genius-car-96391/versions/d184af03ea4594ca/files/c0b05e61283872ac8c1d05ea1875201d8c3dd766dde68ef84fc3c6a7fdf86890 [none]
[debug] [2023-08-09T17:10:06.855Z] >>> [apiv2][body] POST https://upload-firebasehosting.googleapis.com/upload/sites/genius-car-96391/versions/d184af03ea4594ca/files/c0b05e61283872ac8c1d05ea1875201d8c3dd766dde68ef84fc3c6a7fdf86890 [stream]
[debug] [2023-08-09T17:10:06.858Z] >>> [apiv2][query] POST https://upload-firebasehosting.googleapis.com/upload/sites/genius-car-96391/versions/d184af03ea4594ca/files/9e46090298000e17eb9de66da80c2072b8cc519b70e54534b9905d4c15ae795e [none]
[debug] [2023-08-09T17:10:06.858Z] >>> [apiv2][body] POST https://upload-firebasehosting.googleapis.com/upload/sites/genius-car-96391/versions/d184af03ea4594ca/files/9e46090298000e17eb9de66da80c2072b8cc519b70e54534b9905d4c15ae795e [stream]
[debug] [2023-08-09T17:10:06.860Z] [hosting][populate queue][FINAL] {"max":742,"min":742,"avg":742,"active":0,"complete":1,"success":1,"errored":0,"retried":0,"total":1,"elapsed":759}
[debug] [2023-08-09T17:10:06.860Z] [hosting] uploads queued: 6
[debug] [2023-08-09T17:10:08.438Z] <<< [apiv2][status] POST https://upload-firebasehosting.googleapis.com/upload/sites/genius-car-96391/versions/d184af03ea4594ca/files/53e6b91ef6bca595986b48b54b821bcd2acc89cd28b4fa469b7d2724e661df57 200
[debug] [2023-08-09T17:10:08.438Z] <<< [apiv2][body] POST https://upload-firebasehosting.googleapis.com/upload/sites/genius-car-96391/versions/d184af03ea4594ca/files/53e6b91ef6bca595986b48b54b821bcd2acc89cd28b4fa469b7d2724e661df57 [stream]
[debug] [2023-08-09T17:10:08.479Z] <<< [apiv2][status] POST https://upload-firebasehosting.googleapis.com/upload/sites/genius-car-96391/versions/d184af03ea4594ca/files/6bd6dca23347b9b50c09e620b325b0329186cd9bda25f63b0c5de18ea312e981 200
[debug] [2023-08-09T17:10:08.479Z] <<< [apiv2][body] POST https://upload-firebasehosting.googleapis.com/upload/sites/genius-car-96391/versions/d184af03ea4594ca/files/6bd6dca23347b9b50c09e620b325b0329186cd9bda25f63b0c5de18ea312e981 [stream]
[debug] [2023-08-09T17:10:08.766Z] <<< [apiv2][status] POST https://upload-firebasehosting.googleapis.com/upload/sites/genius-car-96391/versions/d184af03ea4594ca/files/9e46090298000e17eb9de66da80c2072b8cc519b70e54534b9905d4c15ae795e 200
[debug] [2023-08-09T17:10:08.766Z] <<< [apiv2][body] POST https://upload-firebasehosting.googleapis.com/upload/sites/genius-car-96391/versions/d184af03ea4594ca/files/9e46090298000e17eb9de66da80c2072b8cc519b70e54534b9905d4c15ae795e [stream]
[debug] [2023-08-09T17:10:08.809Z] <<< [apiv2][status] POST https://upload-firebasehosting.googleapis.com/upload/sites/genius-car-96391/versions/d184af03ea4594ca/files/8b72436160435148e32edbfa1779d1aa066ebce591531cb7a814d4d3a7141406 200
[debug] [2023-08-09T17:10:08.809Z] <<< [apiv2][body] POST https://upload-firebasehosting.googleapis.com/upload/sites/genius-car-96391/versions/d184af03ea4594ca/files/8b72436160435148e32edbfa1779d1aa066ebce591531cb7a814d4d3a7141406 [stream]
[debug] [2023-08-09T17:10:08.970Z] <<< [apiv2][status] POST https://upload-firebasehosting.googleapis.com/upload/sites/genius-car-96391/versions/d184af03ea4594ca/files/c0b05e61283872ac8c1d05ea1875201d8c3dd766dde68ef84fc3c6a7fdf86890 200
[debug] [2023-08-09T17:10:08.970Z] <<< [apiv2][body] POST https://upload-firebasehosting.googleapis.com/upload/sites/genius-car-96391/versions/d184af03ea4594ca/files/c0b05e61283872ac8c1d05ea1875201d8c3dd766dde68ef84fc3c6a7fdf86890 [stream]
[debug] [2023-08-09T17:10:09.600Z] <<< [apiv2][status] POST https://upload-firebasehosting.googleapis.com/upload/sites/genius-car-96391/versions/d184af03ea4594ca/files/3b2f1ae752ea77f7aaba29ec9d11654b3f98ad3a323164b8b58a76facc816e2d 200
[debug] [2023-08-09T17:10:09.600Z] <<< [apiv2][body] POST https://upload-firebasehosting.googleapis.com/upload/sites/genius-car-96391/versions/d184af03ea4594ca/files/3b2f1ae752ea77f7aaba29ec9d11654b3f98ad3a323164b8b58a76facc816e2d [stream]
[debug] [2023-08-09T17:10:09.600Z] [hosting][upload queue][FINAL] {"max":2759,"min":1596,"avg":2001.8333333333333,"active":0,"complete":6,"success":6,"errored":0,"retried":0,"total":6,"elapsed":2759}
[info] +  hosting[genius-car-96391]: file upload complete 
[debug] [2023-08-09T17:10:09.604Z] [hosting] deploy completed after 4145ms
[debug] [2023-08-09T17:10:09.605Z] [
  {
    "config": {
      "public": "build",
      "ignore": [
        "firebase.json",
        "**/.*",
        "**/node_modules/**"
      ],
      "rewrites": [
        {
          "source": "**",
          "destination": "/index.html"
        }
      ],
      "site": "genius-car-96391"
    },
    "version": "projects/724262106817/sites/genius-car-96391/versions/d184af03ea4594ca"
  }
]
[info] i  hosting[genius-car-96391]: finalizing version... 
[debug] [2023-08-09T17:10:09.613Z] >>> [apiv2][query] PATCH https://firebasehosting.googleapis.com/v1beta1/projects/-/sites/genius-car-96391/versions/d184af03ea4594ca updateMask=status%2Cconfig
[debug] [2023-08-09T17:10:09.613Z] >>> [apiv2][body] PATCH https://firebasehosting.googleapis.com/v1beta1/projects/-/sites/genius-car-96391/versions/d184af03ea4594ca {"status":"FINALIZED","config":{"rewrites":[{"glob":"**","path":"/index.html"}]}}
[debug] [2023-08-09T17:10:10.135Z] <<< [apiv2][status] PATCH https://firebasehosting.googleapis.com/v1beta1/projects/-/sites/genius-car-96391/versions/d184af03ea4594ca 200
[debug] [2023-08-09T17:10:10.136Z] <<< [apiv2][body] PATCH https://firebasehosting.googleapis.com/v1beta1/projects/-/sites/genius-car-96391/versions/d184af03ea4594ca {"name":"projects/724262106817/sites/genius-car-96391/versions/d184af03ea4594ca","status":"FINALIZED","config":{"rewrites":[{"glob":"**","path":"/index.html"}]},"labels":{"deployment-tool":"cli-firebase"},"createTime":"2023-08-09T17:10:07.707676Z","createUser":{"email":"leojoy62@gmail.com"},"finalizeTime":"2023-08-09T17:10:12.665722Z","finalizeUser":{"email":"leojoy62@gmail.com"}}
[debug] [2023-08-09T17:10:10.136Z] [hosting] finalized version for genius-car-96391:[object Object]
[info] +  hosting[genius-car-96391]: version finalized 
[info] i  hosting[genius-car-96391]: releasing new version... 
[debug] [2023-08-09T17:10:10.139Z] >>> [apiv2][query] POST https://firebasehosting.googleapis.com/v1beta1/projects/-/sites/genius-car-96391/channels/live/releases versionName=projects%2F724262106817%2Fsites%2Fgenius-car-96391%2Fversions%2Fd184af03ea4594ca
[debug] [2023-08-09T17:10:10.140Z] >>> [apiv2][body] POST https://firebasehosting.googleapis.com/v1beta1/projects/-/sites/genius-car-96391/channels/live/releases {}
[debug] [2023-08-09T17:10:10.742Z] <<< [apiv2][status] POST https://firebasehosting.googleapis.com/v1beta1/projects/-/sites/genius-car-96391/channels/live/releases 200
[debug] [2023-08-09T17:10:10.742Z] <<< [apiv2][body] POST https://firebasehosting.googleapis.com/v1beta1/projects/-/sites/genius-car-96391/channels/live/releases {"name":"projects/724262106817/sites/genius-car-96391/channels/live/releases/1691601012668000","version":{"name":"projects/724262106817/sites/genius-car-96391/versions/d184af03ea4594ca","status":"FINALIZED","config":{"rewrites":[{"glob":"**","path":"/index.html"}]},"labels":{"deployment-tool":"cli-firebase"},"createTime":"2023-08-09T17:10:07.707676Z","createUser":{"email":"leojoy62@gmail.com","imageUrl":"https://lh3.googleusercontent.com/a/AAcHTte943KhCx9Z1_gX6G1dzrVaEPsyLajpblQ_K0RYrm2KCVo"},"finalizeTime":"2023-08-09T17:10:12.665722Z","finalizeUser":{"email":"leojoy62@gmail.com","imageUrl":"https://lh3.googleusercontent.com/a/AAcHTte943KhCx9Z1_gX6G1dzrVaEPsyLajpblQ_K0RYrm2KCVo"}},"type":"DEPLOY","releaseTime":"2023-08-09T17:10:12.668Z","releaseUser":{"email":"leojoy62@gmail.com","imageUrl":"https://lh3.googleusercontent.com/a/AAcHTte943KhCx9Z1_gX6G1dzrVaEPsyLajpblQ_K0RYrm2KCVo"}}
[debug] [2023-08-09T17:10:10.742Z] [hosting] release: {"name":"projects/724262106817/sites/genius-car-96391/channels/live/releases/1691601012668000","version":{"name":"projects/724262106817/sites/genius-car-96391/versions/d184af03ea4594ca","status":"FINALIZED","config":{"rewrites":[{"glob":"**","path":"/index.html"}]},"labels":{"deployment-tool":"cli-firebase"},"createTime":"2023-08-09T17:10:07.707676Z","createUser":{"email":"leojoy62@gmail.com","imageUrl":"https://lh3.googleusercontent.com/a/AAcHTte943KhCx9Z1_gX6G1dzrVaEPsyLajpblQ_K0RYrm2KCVo"},"finalizeTime":"2023-08-09T17:10:12.665722Z","finalizeUser":{"email":"leojoy62@gmail.com","imageUrl":"https://lh3.googleusercontent.com/a/AAcHTte943KhCx9Z1_gX6G1dzrVaEPsyLajpblQ_K0RYrm2KCVo"}},"type":"DEPLOY","releaseTime":"2023-08-09T17:10:12.668Z","releaseUser":{"email":"leojoy62@gmail.com","imageUrl":"https://lh3.googleusercontent.com/a/AAcHTte943KhCx9Z1_gX6G1dzrVaEPsyLajpblQ_K0RYrm2KCVo"}}
[info] +  hosting[genius-car-96391]: release complete 
[info] 
[info] +  Deploy complete! 
[info] 
[info] Project Console: https://console.firebase.google.com/project/genius-car-96391/overview
[info] Hosting URL: https://genius-car-96391.web.app
[debug] [2023-08-09T17:10:16.921Z] Error: Timed out.
    at Timeout._onTimeout (C:\Users\leojo\AppData\Roaming\npm\node_modules\firebase-tools\lib\utils.js:254:49)
    at listOnTimeout (node:internal/timers:573:17)
    at process.processTimers (node:internal/timers:514:7)
[error] 
[error] Error: An unexpected error has occurred.
